<?xml version="1.0" encoding="UTF-8"?>
<!-- Generated by org.testng.reporters.JUnitReportReporter -->
<testsuite hostname="AGLK-LAP-237" failures="0" tests="21" name="testcases.TC001_Validate_amber_connect" time="5173.597" errors="0" timestamp="2022-11-21T09:15:15 IST" skipped="0">
  <testcase classname="testcases.TC001_Validate_amber_connect" name="runScenario" time="30.966"/>
  <system-out/>
  <testcase classname="testcases.TC001_Validate_amber_connect" name="runScenario" time="30.469"/>
  <system-out/>
  <testcase classname="testcases.TC001_Validate_amber_connect" name="runScenario" time="259.430"/>
  <system-out/>
  <testcase classname="testcases.TC001_Validate_amber_connect" name="runScenario" time="776.505"/>
  <system-out/>
  <testcase classname="testcases.TC001_Validate_amber_connect" name="runScenario" time="30.129"/>
  <system-out/>
  <testcase classname="testcases.TC001_Validate_amber_connect" name="runScenario" time="25.838"/>
  <system-out/>
  <testcase classname="testcases.TC001_Validate_amber_connect" name="runScenario" time="176.193"/>
  <system-out/>
  <testcase classname="testcases.TC001_Validate_amber_connect" name="runScenario" time="162.357"/>
  <system-out/>
  <testcase classname="testcases.TC001_Validate_amber_connect" name="runScenario" time="286.952"/>
  <system-out/>
  <testcase classname="testcases.TC001_Validate_amber_connect" name="runScenario" time="226.913"/>
  <system-out/>
  <testcase classname="testcases.TC001_Validate_amber_connect" name="runScenario" time="100.029"/>
  <system-out/>
  <testcase classname="testcases.TC001_Validate_amber_connect" name="runScenario" time="229.084"/>
  <system-out/>
  <testcase classname="testcases.TC001_Validate_amber_connect" name="runScenario" time="237.840"/>
  <system-out/>
  <testcase classname="testcases.TC001_Validate_amber_connect" name="runScenario" time="667.851"/>
  <system-out/>
  <testcase classname="testcases.TC001_Validate_amber_connect" name="runScenario" time="30.630"/>
  <system-out/>
  <testcase classname="testcases.TC001_Validate_amber_connect" name="runScenario" time="202.535"/>
  <system-out/>
  <testcase classname="testcases.TC001_Validate_amber_connect" name="runScenario" time="217.146"/>
  <system-out/>
  <testcase classname="testcases.TC001_Validate_amber_connect" name="runScenario" time="193.555"/>
  <system-out/>
  <testcase classname="testcases.TC001_Validate_amber_connect" name="runScenario" time="850.429"/>
  <system-out/>
  <testcase classname="testcases.TC001_Validate_amber_connect" name="runScenario" time="404.046"/>
  <system-out/>
  <testcase classname="testcases.TC001_Validate_amber_connect" name="runScenario" time="34.700"/>
  <system-out/>
</testsuite> <!-- testcases.TC001_Validate_amber_connect -->
