<?xml version="1.0" encoding="UTF-8"?>
<!-- Generated by org.testng.reporters.JUnitReportReporter -->
<testsuite hostname="AGLK-LAP-237" failures="0" tests="6" name="testcases.TC003_Dashboard" time="933.245" errors="5" timestamp="2022-09-14T15:48:31 IST" skipped="0">
  <testcase classname="testcases.TC003_Dashboard" name="runScenario" time="130.803"/>
  <system-out/>
  <testcase classname="testcases.TC003_Dashboard" name="runScenario" time="153.700">
    <error message="See the reporter for details." type="java.lang.RuntimeException">
      <![CDATA[java.lang.RuntimeException: See the reporter for details.
at utils.Reporter.reportStep(Reporter.java:92)
at utils.Reporter.reportStep(Reporter.java:106)
at base.SeleniumBase.locateElement(SeleniumBase.java:610)
at pages.Dashboard.clickFilterEvents(Dashboard.java:434)
at ✽.click the Filter icon and Clear All option for all the vehicles for the Events(file:src/main/java/features/F03_Dashboard.feature:64)
]]>
    </error>
  </testcase> <!-- runScenario -->
  <system-out/>
  <testcase classname="testcases.TC003_Dashboard" name="runScenario" time="180.750">
    <error message="See the reporter for details." type="java.lang.RuntimeException">
      <![CDATA[java.lang.RuntimeException: See the reporter for details.
at utils.Reporter.reportStep(Reporter.java:92)
at utils.Reporter.reportStep(Reporter.java:106)
at base.SeleniumBase.click(SeleniumBase.java:146)
at pages.Dashboard.ClickSADemo1(Dashboard.java:112)
at ✽.Click on the SADemo1 vehicle for the tracking(file:src/main/java/features/F03_Dashboard.feature:17)
]]>
    </error>
  </testcase> <!-- runScenario -->
  <system-out/>
  <testcase classname="testcases.TC003_Dashboard" name="runScenario" time="153.855">
    <error message="See the reporter for details." type="java.lang.RuntimeException">
      <![CDATA[java.lang.RuntimeException: See the reporter for details.
at utils.Reporter.reportStep(Reporter.java:92)
at utils.Reporter.reportStep(Reporter.java:106)
at base.SeleniumBase.click(SeleniumBase.java:146)
at pages.Dashboard.ClickSADemo1ShareLocation(Dashboard.java:573)
at ✽.Click on the SADemo1 vehicle for the Share location(file:src/main/java/features/F03_Dashboard.feature:83)
]]>
    </error>
  </testcase> <!-- runScenario -->
  <system-out/>
  <testcase classname="testcases.TC003_Dashboard" name="runScenario" time="158.275">
    <error message="See the reporter for details." type="java.lang.RuntimeException">
      <![CDATA[java.lang.RuntimeException: See the reporter for details.
at utils.Reporter.reportStep(Reporter.java:92)
at utils.Reporter.reportStep(Reporter.java:106)
at base.SeleniumBase.click(SeleniumBase.java:146)
at pages.Dashboard.ClickSADemo1Trips(Dashboard.java:225)
at ✽.Click on the SADemo1 vehicle for the trips(file:src/main/java/features/F03_Dashboard.feature:33)
]]>
    </error>
  </testcase> <!-- runScenario -->
  <system-out/>
  <testcase classname="testcases.TC003_Dashboard" name="runScenario" time="155.862">
    <error message="See the reporter for details." type="java.lang.RuntimeException">
      <![CDATA[java.lang.RuntimeException: See the reporter for details.
at utils.Reporter.reportStep(Reporter.java:92)
at utils.Reporter.reportStep(Reporter.java:106)
at base.SeleniumBase.click(SeleniumBase.java:146)
at pages.Dashboard.ClickSADemo1Alerts(Dashboard.java:341)
at ✽.Click on the SADemo1 vehicle for the Alerts(file:src/main/java/features/F03_Dashboard.feature:50)
]]>
    </error>
  </testcase> <!-- runScenario -->
  <system-out/>
</testsuite> <!-- testcases.TC003_Dashboard -->
