<?xml version="1.0" encoding="UTF-8"?>
<!-- Generated by org.testng.reporters.JUnitReportReporter -->
<testsuite hostname="AGLK-LAP-237" failures="0" tests="1" name="testcases.TC006_Logout" time="66.587" errors="0" timestamp="2022-09-14T15:48:31 IST" skipped="0">
  <testcase classname="testcases.TC006_Logout" name="runScenario" time="66.587"/>
  <system-out/>
</testsuite> <!-- testcases.TC006_Logout -->
